{"text": "2024-01-12 06:24:51 | INFO    | __main__:stash:131 | run - {'image': '20231121', 'version': '0.10.1.post2', 'role': 'EpicPlayer', 'headless': True}\n", "record": {"elapsed": {"repr": "0:00:00.889890", "seconds": 0.88989}, "exception": null, "extra": {"image": "20231121", "version": "0.10.1.post2", "role": "EpicPlayer", "headless": true}, "file": {"name": "claim.py", "path": "/home/runner/work/epic-free/epic-free/epic/src/claim.py"}, "function": "stash", "level": {"icon": "‚ÑπÔ∏è", "name": "INFO", "no": 20}, "line": 131, "message": "run", "module": "claim", "name": "__main__", "process": {"id": 3574, "name": "MainProcess"}, "thread": {"id": 139833173269376, "name": "MainThread"}, "time": {"repr": "2024-01-12 06:24:51.882011+08:00", "timestamp": 1705011891.882011}}}
{"text": "2024-01-12 06:24:59 | INFO    | __main__:claim_epic_games:97 | Try to flush cookie - {'task': 'claim_epic_games'}\n", "record": {"elapsed": {"repr": "0:00:08.772001", "seconds": 8.772001}, "exception": null, "extra": {"task": "claim_epic_games"}, "file": {"name": "claim.py", "path": "/home/runner/work/epic-free/epic-free/epic/src/claim.py"}, "function": "claim_epic_games", "level": {"icon": "‚ÑπÔ∏è", "name": "INFO", "no": 20}, "line": 97, "message": "Try to flush cookie", "module": "claim", "name": "__main__", "process": {"id": 3574, "name": "MainProcess"}, "thread": {"id": 139833173269376, "name": "MainThread"}, "time": {"repr": "2024-01-12 06:24:59.764122+08:00", "timestamp": 1705011899.764122}}}
{"text": "2024-01-12 06:25:01 | SUCCESS    | epic_games.agent:_login:253 | login - {'result': 'Successfully refreshed tokens'}\n", "record": {"elapsed": {"repr": "0:00:10.575546", "seconds": 10.575546}, "exception": null, "extra": {"result": "Successfully refreshed tokens"}, "file": {"name": "agent.py", "path": "/home/runner/work/epic-free/epic-free/epic/src/epic_games/agent.py"}, "function": "_login", "level": {"icon": "‚úÖ", "name": "SUCCESS", "no": 25}, "line": 253, "message": "login", "module": "agent", "name": "epic_games.agent", "process": {"id": 3574, "name": "MainProcess"}, "thread": {"id": 139833173269376, "name": "MainThread"}, "time": {"repr": "2024-01-12 06:25:01.567667+08:00", "timestamp": 1705011901.567667}}}
{"text": "2024-01-12 06:25:10 | SUCCESS    | epic_games.agent:flush_token:280 | flush_token - {'path': PosixPath('/home/runner/work/epic-free/epic-free/epic/user_data_dir/epic-games@1075199251/ctx_cookie.json')}\n", "record": {"elapsed": {"repr": "0:00:19.250486", "seconds": 19.250486}, "exception": null, "extra": {"path": "/home/runner/work/epic-free/epic-free/epic/user_data_dir/epic-games@1075199251/ctx_cookie.json"}, "file": {"name": "agent.py", "path": "/home/runner/work/epic-free/epic-free/epic/src/epic_games/agent.py"}, "function": "flush_token", "level": {"icon": "‚úÖ", "name": "SUCCESS", "no": 25}, "line": 280, "message": "flush_token", "module": "agent", "name": "epic_games.agent", "process": {"id": 3574, "name": "MainProcess"}, "thread": {"id": 139833173269376, "name": "MainThread"}, "time": {"repr": "2024-01-12 06:25:10.242607+08:00", "timestamp": 1705011910.242607}}}
{"text": "2024-01-12 06:25:10 | WARNING    | epic_games.agent:get_order_history:467 | Failed to get order history, cookie may have expired - {}\n", "record": {"elapsed": {"repr": "0:00:19.375900", "seconds": 19.3759}, "exception": null, "extra": {}, "file": {"name": "agent.py", "path": "/home/runner/work/epic-free/epic-free/epic/src/epic_games/agent.py"}, "function": "get_order_history", "level": {"icon": "‚ö†Ô∏è", "name": "WARNING", "no": 30}, "line": 467, "message": "Failed to get order history, cookie may have expired", "module": "agent", "name": "epic_games.agent", "process": {"id": 3574, "name": "MainProcess"}, "thread": {"id": 139833173269376, "name": "MainThread"}, "time": {"repr": "2024-01-12 06:25:10.368021+08:00", "timestamp": 1705011910.368021}}}
{"text": "2024-01-12 06:25:10 | DEBUG    | __main__:create_tasks:66 | Put task - {'title': 'Sail Forth', 'url': 'https://store.epicgames.com/en-US/p/sail-forth-51847e'}\n", "record": {"elapsed": {"repr": "0:00:19.576559", "seconds": 19.576559}, "exception": null, "extra": {"title": "Sail Forth", "url": "https://store.epicgames.com/en-US/p/sail-forth-51847e"}, "file": {"name": "claim.py", "path": "/home/runner/work/epic-free/epic-free/epic/src/claim.py"}, "function": "create_tasks", "level": {"icon": "üêû", "name": "DEBUG", "no": 10}, "line": 66, "message": "Put task", "module": "claim", "name": "__main__", "process": {"id": 3574, "name": "MainProcess"}, "thread": {"id": 139833173269376, "name": "MainThread"}, "time": {"repr": "2024-01-12 06:25:10.568680+08:00", "timestamp": 1705011910.56868}}}
{"text": "2024-01-12 06:25:10 | INFO    | epic_games.agent:claim_weekly_games:294 | claim_weekly_games - {'action': 'go to store', 'url': 'https://store.epicgames.com/en-US/p/sail-forth-51847e'}\n", "record": {"elapsed": {"repr": "0:00:19.577083", "seconds": 19.577083}, "exception": null, "extra": {"action": "go to store", "url": "https://store.epicgames.com/en-US/p/sail-forth-51847e"}, "file": {"name": "agent.py", "path": "/home/runner/work/epic-free/epic-free/epic/src/epic_games/agent.py"}, "function": "claim_weekly_games", "level": {"icon": "‚ÑπÔ∏è", "name": "INFO", "no": 20}, "line": 294, "message": "claim_weekly_games", "module": "agent", "name": "epic_games.agent", "process": {"id": 3574, "name": "MainProcess"}, "thread": {"id": 139833173269376, "name": "MainThread"}, "time": {"repr": "2024-01-12 06:25:10.569204+08:00", "timestamp": 1705011910.569204}}}
{"text": "2024-01-12 06:25:19 | INFO    | epic_games.agent:claim_weekly_games:326 | claim_weekly_games - {'action': 'move to webPurchaseContainer iframe'}\n", "record": {"elapsed": {"repr": "0:00:28.450603", "seconds": 28.450603}, "exception": null, "extra": {"action": "move to webPurchaseContainer iframe"}, "file": {"name": "agent.py", "path": "/home/runner/work/epic-free/epic-free/epic/src/epic_games/agent.py"}, "function": "claim_weekly_games", "level": {"icon": "‚ÑπÔ∏è", "name": "INFO", "no": 20}, "line": 326, "message": "claim_weekly_games", "module": "agent", "name": "epic_games.agent", "process": {"id": 3574, "name": "MainProcess"}, "thread": {"id": 139833173269376, "name": "MainThread"}, "time": {"repr": "2024-01-12 06:25:19.442724+08:00", "timestamp": 1705011919.442724}}}
{"text": "2024-01-12 06:25:21 | INFO    | epic_games.agent:claim_weekly_games:328 | claim_weekly_games - {'action': 'click payment button'}\n", "record": {"elapsed": {"repr": "0:00:30.839246", "seconds": 30.839246}, "exception": null, "extra": {"action": "click payment button"}, "file": {"name": "agent.py", "path": "/home/runner/work/epic-free/epic-free/epic/src/epic_games/agent.py"}, "function": "claim_weekly_games", "level": {"icon": "‚ÑπÔ∏è", "name": "INFO", "no": 20}, "line": 328, "message": "claim_weekly_games", "module": "agent", "name": "epic_games.agent", "process": {"id": 3574, "name": "MainProcess"}, "thread": {"id": 139833173269376, "name": "MainThread"}, "time": {"repr": "2024-01-12 06:25:21.831367+08:00", "timestamp": 1705011921.831367}}}
{"text": "2024-01-12 06:25:26 | DEBUG    | hcaptcha_challenger.agents.playwright.control:_parse_label:241 | get task - {'prompt': 'Please click on all images of the “ªeaviest animal species'}\n", "record": {"elapsed": {"repr": "0:00:35.842841", "seconds": 35.842841}, "exception": null, "extra": {"prompt": "Please click on all images of the “ªeaviest animal species"}, "file": {"name": "control.py", "path": "/opt/hostedtoolcache/Python/3.10.13/x64/lib/python3.10/site-packages/hcaptcha_challenger/agents/playwright/control.py"}, "function": "_parse_label", "level": {"icon": "üêû", "name": "DEBUG", "no": 10}, "line": 241, "message": "get task", "module": "control", "name": "hcaptcha_challenger.agents.playwright.control", "process": {"id": 3574, "name": "MainProcess"}, "thread": {"id": 139833173269376, "name": "MainThread"}, "time": {"repr": "2024-01-12 06:25:26.834962+08:00", "timestamp": 1705011926.834962}}}
{"text": "2024-01-12 06:25:27 | DEBUG    | hcaptcha_challenger.agents.playwright.control:_catch_all_binary_challenge:474 | handle task - {'unsupervised': 'binary', 'candidate_labels': ['This is a picture that looks like please click on all images of the heaviest animal species.', \"This is a picture that don't look like please click on all images of the heaviest animal species.\"], 'prompt': 'Please click on all images of the “ªeaviest animal species', 'timit': '0.895s'}\n", "record": {"elapsed": {"repr": "0:00:36.876636", "seconds": 36.876636}, "exception": null, "extra": {"unsupervised": "binary", "candidate_labels": ["This is a picture that looks like please click on all images of the heaviest animal species.", "This is a picture that don't look like please click on all images of the heaviest animal species."], "prompt": "Please click on all images of the “ªeaviest animal species", "timit": "0.895s"}, "file": {"name": "control.py", "path": "/opt/hostedtoolcache/Python/3.10.13/x64/lib/python3.10/site-packages/hcaptcha_challenger/agents/playwright/control.py"}, "function": "_catch_all_binary_challenge", "level": {"icon": "üêû", "name": "DEBUG", "no": 10}, "line": 474, "message": "handle task", "module": "control", "name": "hcaptcha_challenger.agents.playwright.control", "process": {"id": 3574, "name": "MainProcess"}, "thread": {"id": 139833173269376, "name": "MainThread"}, "time": {"repr": "2024-01-12 06:25:27.868757+08:00", "timestamp": 1705011927.868757}}}
{"text": "2024-01-12 06:25:36 | DEBUG    | epic_games.agent:insert_challenge:106 | task done - {'sattus': 'success'}\n", "record": {"elapsed": {"repr": "0:00:45.945691", "seconds": 45.945691}, "exception": null, "extra": {"sattus": "success"}, "file": {"name": "agent.py", "path": "/home/runner/work/epic-free/epic-free/epic/src/epic_games/agent.py"}, "function": "insert_challenge", "level": {"icon": "üêû", "name": "DEBUG", "no": 10}, "line": 106, "message": "task done", "module": "agent", "name": "epic_games.agent", "process": {"id": 3574, "name": "MainProcess"}, "thread": {"id": 139833173269376, "name": "MainThread"}, "time": {"repr": "2024-01-12 06:25:36.937812+08:00", "timestamp": 1705011936.937812}}}
{"text": "2024-01-12 06:26:09 | INFO    | epic_games.agent:claim_weekly_games:294 | claim_weekly_games - {'action': 'go to store', 'url': 'https://store.epicgames.com/en-US/p/sail-forth-51847e'}\n", "record": {"elapsed": {"repr": "0:01:18.123953", "seconds": 78.123953}, "exception": null, "extra": {"action": "go to store", "url": "https://store.epicgames.com/en-US/p/sail-forth-51847e"}, "file": {"name": "agent.py", "path": "/home/runner/work/epic-free/epic-free/epic/src/epic_games/agent.py"}, "function": "claim_weekly_games", "level": {"icon": "‚ÑπÔ∏è", "name": "INFO", "no": 20}, "line": 294, "message": "claim_weekly_games", "module": "agent", "name": "epic_games.agent", "process": {"id": 3574, "name": "MainProcess"}, "thread": {"id": 139833173269376, "name": "MainThread"}, "time": {"repr": "2024-01-12 06:26:09.116074+08:00", "timestamp": 1705011969.116074}}}
{"text": "2024-01-12 06:26:17 | INFO    | epic_games.agent:claim_weekly_games:326 | claim_weekly_games - {'action': 'move to webPurchaseContainer iframe'}\n", "record": {"elapsed": {"repr": "0:01:26.557572", "seconds": 86.557572}, "exception": null, "extra": {"action": "move to webPurchaseContainer iframe"}, "file": {"name": "agent.py", "path": "/home/runner/work/epic-free/epic-free/epic/src/epic_games/agent.py"}, "function": "claim_weekly_games", "level": {"icon": "‚ÑπÔ∏è", "name": "INFO", "no": 20}, "line": 326, "message": "claim_weekly_games", "module": "agent", "name": "epic_games.agent", "process": {"id": 3574, "name": "MainProcess"}, "thread": {"id": 139833173269376, "name": "MainThread"}, "time": {"repr": "2024-01-12 06:26:17.549693+08:00", "timestamp": 1705011977.549693}}}
{"text": "2024-01-12 06:26:19 | INFO    | epic_games.agent:claim_weekly_games:328 | claim_weekly_games - {'action': 'click payment button'}\n", "record": {"elapsed": {"repr": "0:01:28.942445", "seconds": 88.942445}, "exception": null, "extra": {"action": "click payment button"}, "file": {"name": "agent.py", "path": "/home/runner/work/epic-free/epic-free/epic/src/epic_games/agent.py"}, "function": "claim_weekly_games", "level": {"icon": "‚ÑπÔ∏è", "name": "INFO", "no": 20}, "line": 328, "message": "claim_weekly_games", "module": "agent", "name": "epic_games.agent", "process": {"id": 3574, "name": "MainProcess"}, "thread": {"id": 139833173269376, "name": "MainThread"}, "time": {"repr": "2024-01-12 06:26:19.934566+08:00", "timestamp": 1705011979.934566}}}
{"text": "2024-01-12 06:26:24 | DEBUG    | hcaptcha_challenger.agents.playwright.control:_parse_label:241 | get task - {'prompt': 'Please click on all images of the he–∞viest animal s—Äecies'}\n", "record": {"elapsed": {"repr": "0:01:33.944400", "seconds": 93.9444}, "exception": null, "extra": {"prompt": "Please click on all images of the he–∞viest animal s—Äecies"}, "file": {"name": "control.py", "path": "/opt/hostedtoolcache/Python/3.10.13/x64/lib/python3.10/site-packages/hcaptcha_challenger/agents/playwright/control.py"}, "function": "_parse_label", "level": {"icon": "üêû", "name": "DEBUG", "no": 10}, "line": 241, "message": "get task", "module": "control", "name": "hcaptcha_challenger.agents.playwright.control", "process": {"id": 3574, "name": "MainProcess"}, "thread": {"id": 139833173269376, "name": "MainThread"}, "time": {"repr": "2024-01-12 06:26:24.936521+08:00", "timestamp": 1705011984.936521}}}
{"text": "2024-01-12 06:26:25 | DEBUG    | hcaptcha_challenger.agents.playwright.control:_catch_all_binary_challenge:474 | handle task - {'unsupervised': 'binary', 'candidate_labels': ['This is a picture that looks like please click on all images of the heaviest animal species.', \"This is a picture that don't look like please click on all images of the heaviest animal species.\"], 'prompt': 'Please click on all images of the he–∞viest animal s—Äecies', 'timit': '0.755s'}\n", "record": {"elapsed": {"repr": "0:01:34.840690", "seconds": 94.84069}, "exception": null, "extra": {"unsupervised": "binary", "candidate_labels": ["This is a picture that looks like please click on all images of the heaviest animal species.", "This is a picture that don't look like please click on all images of the heaviest animal species."], "prompt": "Please click on all images of the he–∞viest animal s—Äecies", "timit": "0.755s"}, "file": {"name": "control.py", "path": "/opt/hostedtoolcache/Python/3.10.13/x64/lib/python3.10/site-packages/hcaptcha_challenger/agents/playwright/control.py"}, "function": "_catch_all_binary_challenge", "level": {"icon": "üêû", "name": "DEBUG", "no": 10}, "line": 474, "message": "handle task", "module": "control", "name": "hcaptcha_challenger.agents.playwright.control", "process": {"id": 3574, "name": "MainProcess"}, "thread": {"id": 139833173269376, "name": "MainThread"}, "time": {"repr": "2024-01-12 06:26:25.832811+08:00", "timestamp": 1705011985.832811}}}
{"text": "2024-01-12 06:26:34 | DEBUG    | epic_games.agent:insert_challenge:106 | task done - {'sattus': 'success'}\n", "record": {"elapsed": {"repr": "0:01:43.730243", "seconds": 103.730243}, "exception": null, "extra": {"sattus": "success"}, "file": {"name": "agent.py", "path": "/home/runner/work/epic-free/epic-free/epic/src/epic_games/agent.py"}, "function": "insert_challenge", "level": {"icon": "üêû", "name": "DEBUG", "no": 10}, "line": 106, "message": "task done", "module": "agent", "name": "epic_games.agent", "process": {"id": 3574, "name": "MainProcess"}, "thread": {"id": 139833173269376, "name": "MainThread"}, "time": {"repr": "2024-01-12 06:26:34.722364+08:00", "timestamp": 1705011994.722364}}}
{"text": "2024-01-12 06:27:06 | INFO    | epic_games.agent:claim_weekly_games:294 | claim_weekly_games - {'action': 'go to store', 'url': 'https://store.epicgames.com/en-US/p/sail-forth-51847e'}\n", "record": {"elapsed": {"repr": "0:02:15.895402", "seconds": 135.895402}, "exception": null, "extra": {"action": "go to store", "url": "https://store.epicgames.com/en-US/p/sail-forth-51847e"}, "file": {"name": "agent.py", "path": "/home/runner/work/epic-free/epic-free/epic/src/epic_games/agent.py"}, "function": "claim_weekly_games", "level": {"icon": "‚ÑπÔ∏è", "name": "INFO", "no": 20}, "line": 294, "message": "claim_weekly_games", "module": "agent", "name": "epic_games.agent", "process": {"id": 3574, "name": "MainProcess"}, "thread": {"id": 139833173269376, "name": "MainThread"}, "time": {"repr": "2024-01-12 06:27:06.887523+08:00", "timestamp": 1705012026.887523}}}
{"text": "2024-01-12 06:27:15 | INFO    | epic_games.agent:claim_weekly_games:326 | claim_weekly_games - {'action': 'move to webPurchaseContainer iframe'}\n", "record": {"elapsed": {"repr": "0:02:24.533497", "seconds": 144.533497}, "exception": null, "extra": {"action": "move to webPurchaseContainer iframe"}, "file": {"name": "agent.py", "path": "/home/runner/work/epic-free/epic-free/epic/src/epic_games/agent.py"}, "function": "claim_weekly_games", "level": {"icon": "‚ÑπÔ∏è", "name": "INFO", "no": 20}, "line": 326, "message": "claim_weekly_games", "module": "agent", "name": "epic_games.agent", "process": {"id": 3574, "name": "MainProcess"}, "thread": {"id": 139833173269376, "name": "MainThread"}, "time": {"repr": "2024-01-12 06:27:15.525618+08:00", "timestamp": 1705012035.525618}}}
{"text": "2024-01-12 06:27:17 | INFO    | epic_games.agent:claim_weekly_games:328 | claim_weekly_games - {'action': 'click payment button'}\n", "record": {"elapsed": {"repr": "0:02:26.931564", "seconds": 146.931564}, "exception": null, "extra": {"action": "click payment button"}, "file": {"name": "agent.py", "path": "/home/runner/work/epic-free/epic-free/epic/src/epic_games/agent.py"}, "function": "claim_weekly_games", "level": {"icon": "‚ÑπÔ∏è", "name": "INFO", "no": 20}, "line": 328, "message": "claim_weekly_games", "module": "agent", "name": "epic_games.agent", "process": {"id": 3574, "name": "MainProcess"}, "thread": {"id": 139833173269376, "name": "MainThread"}, "time": {"repr": "2024-01-12 06:27:17.923685+08:00", "timestamp": 1705012037.923685}}}
{"text": "2024-01-12 06:27:22 | DEBUG    | hcaptcha_challenger.agents.playwright.control:_parse_label:241 | get task - {'prompt': 'Please —Ålick on –∞ll images of the heaviest animal s—Äecies'}\n", "record": {"elapsed": {"repr": "0:02:31.934157", "seconds": 151.934157}, "exception": null, "extra": {"prompt": "Please —Ålick on –∞ll images of the heaviest animal s—Äecies"}, "file": {"name": "control.py", "path": "/opt/hostedtoolcache/Python/3.10.13/x64/lib/python3.10/site-packages/hcaptcha_challenger/agents/playwright/control.py"}, "function": "_parse_label", "level": {"icon": "üêû", "name": "DEBUG", "no": 10}, "line": 241, "message": "get task", "module": "control", "name": "hcaptcha_challenger.agents.playwright.control", "process": {"id": 3574, "name": "MainProcess"}, "thread": {"id": 139833173269376, "name": "MainThread"}, "time": {"repr": "2024-01-12 06:27:22.926278+08:00", "timestamp": 1705012042.926278}}}
{"text": "2024-01-12 06:27:23 | DEBUG    | hcaptcha_challenger.agents.playwright.control:_catch_all_binary_challenge:474 | handle task - {'unsupervised': 'binary', 'candidate_labels': ['This is a picture that looks like please click on all images of the heaviest animal species.', \"This is a picture that don't look like please click on all images of the heaviest animal species.\"], 'prompt': 'Please —Ålick on –∞ll images of the heaviest animal s—Äecies', 'timit': '0.724s'}\n", "record": {"elapsed": {"repr": "0:02:32.798466", "seconds": 152.798466}, "exception": null, "extra": {"unsupervised": "binary", "candidate_labels": ["This is a picture that looks like please click on all images of the heaviest animal species.", "This is a picture that don't look like please click on all images of the heaviest animal species."], "prompt": "Please —Ålick on –∞ll images of the heaviest animal s—Äecies", "timit": "0.724s"}, "file": {"name": "control.py", "path": "/opt/hostedtoolcache/Python/3.10.13/x64/lib/python3.10/site-packages/hcaptcha_challenger/agents/playwright/control.py"}, "function": "_catch_all_binary_challenge", "level": {"icon": "üêû", "name": "DEBUG", "no": 10}, "line": 474, "message": "handle task", "module": "control", "name": "hcaptcha_challenger.agents.playwright.control", "process": {"id": 3574, "name": "MainProcess"}, "thread": {"id": 139833173269376, "name": "MainThread"}, "time": {"repr": "2024-01-12 06:27:23.790587+08:00", "timestamp": 1705012043.790587}}}
{"text": "2024-01-12 06:27:32 | DEBUG    | epic_games.agent:insert_challenge:106 | task done - {'sattus': 'success'}\n", "record": {"elapsed": {"repr": "0:02:41.267237", "seconds": 161.267237}, "exception": null, "extra": {"sattus": "success"}, "file": {"name": "agent.py", "path": "/home/runner/work/epic-free/epic-free/epic/src/epic_games/agent.py"}, "function": "insert_challenge", "level": {"icon": "üêû", "name": "DEBUG", "no": 10}, "line": 106, "message": "task done", "module": "agent", "name": "epic_games.agent", "process": {"id": 3574, "name": "MainProcess"}, "thread": {"id": 139833173269376, "name": "MainThread"}, "time": {"repr": "2024-01-12 06:27:32.259358+08:00", "timestamp": 1705012052.259358}}}
{"text": "2024-01-12 06:28:04 | ERROR    | __main__:run:158 | An error has been caught in function 'run', process 'MainProcess' (3574), thread 'MainThread' (139833173269376): - {}\nTraceback (most recent call last):\n  File \"/home/runner/work/epic-free/epic-free/epic/src/claim.py\", line 151, in stash\n    await self.claim_epic_games(context)\n  File \"/home/runner/work/epic-free/epic-free/epic/src/claim.py\", line 122, in claim_epic_games\n    await epic.claim_weekly_games(page, single_promotions)\n  File \"/opt/hostedtoolcache/Python/3.10.13/x64/lib/python3.10/site-packages/tenacity/_asyncio.py\", line 88, in async_wrapped\n    return await fn(*args, **kwargs)\n  File \"/opt/hostedtoolcache/Python/3.10.13/x64/lib/python3.10/site-packages/tenacity/_asyncio.py\", line 47, in __call__\n    do = self.iter(retry_state=retry_state)\n  File \"/opt/hostedtoolcache/Python/3.10.13/x64/lib/python3.10/site-packages/tenacity/__init__.py\", line 325, in iter\n    raise retry_exc.reraise()\n  File \"/opt/hostedtoolcache/Python/3.10.13/x64/lib/python3.10/site-packages/tenacity/__init__.py\", line 158, in reraise\n    raise self.last_attempt.result()\n  File \"/opt/hostedtoolcache/Python/3.10.13/x64/lib/python3.10/concurrent/futures/_base.py\", line 451, in result\n    return self.__get_result()\n  File \"/opt/hostedtoolcache/Python/3.10.13/x64/lib/python3.10/concurrent/futures/_base.py\", line 403, in __get_result\n    raise self._exception\n  File \"/opt/hostedtoolcache/Python/3.10.13/x64/lib/python3.10/site-packages/tenacity/_asyncio.py\", line 50, in __call__\n    result = await fn(*args, **kwargs)\n  File \"/home/runner/work/epic-free/epic-free/epic/src/epic_games/agent.py\", line 338, in claim_weekly_games\n    await page.wait_for_url(recur_url)\n  File \"/opt/hostedtoolcache/Python/3.10.13/x64/lib/python3.10/site-packages/playwright/async_api/_generated.py\", line 9417, in wait_for_url\n    await self._impl_obj.wait_for_url(\n  File \"/opt/hostedtoolcache/Python/3.10.13/x64/lib/python3.10/site-packages/playwright/_impl/_page.py\", line 499, in wait_for_url\n    return await self._main_frame.wait_for_url(**locals_to_params(locals()))\n  File \"/opt/hostedtoolcache/Python/3.10.13/x64/lib/python3.10/site-packages/playwright/_impl/_frame.py\", line 227, in wait_for_url\n    async with self.expect_navigation(\n  File \"/opt/hostedtoolcache/Python/3.10.13/x64/lib/python3.10/site-packages/playwright/_impl/_event_context_manager.py\", line 33, in __aexit__\n    await self._future\n  File \"/opt/hostedtoolcache/Python/3.10.13/x64/lib/python3.10/site-packages/playwright/_impl/_frame.py\", line 202, in continuation\n    event = await waiter.result()\nplaywright._impl._errors.TimeoutError: Timeout 30000ms exceeded.\n=========================== logs ===========================\nwaiting for navigation to \"https://store.epicgames.com/en-US/cart/success\" until 'load'\n============================================================\n\nDuring handling of the above exception, another exception occurred:\n\nTraceback (most recent call last):\n  File \"/home/runner/work/epic-free/epic-free/epic/src/claim.py\", line 162, in <module>\n    asyncio.run(run())\n  File \"/opt/hostedtoolcache/Python/3.10.13/x64/lib/python3.10/asyncio/runners.py\", line 44, in run\n    return loop.run_until_complete(main)\n  File \"/opt/hostedtoolcache/Python/3.10.13/x64/lib/python3.10/asyncio/base_events.py\", line 636, in run_until_complete\n    self.run_forever()\n  File \"/opt/hostedtoolcache/Python/3.10.13/x64/lib/python3.10/asyncio/base_events.py\", line 603, in run_forever\n    self._run_once()\n  File \"/opt/hostedtoolcache/Python/3.10.13/x64/lib/python3.10/asyncio/base_events.py\", line 1909, in _run_once\n    handle._run()\n  File \"/opt/hostedtoolcache/Python/3.10.13/x64/lib/python3.10/asyncio/events.py\", line 80, in _run\n    self._context.run(self._callback, *self._args)\n> File \"/home/runner/work/epic-free/epic-free/epic/src/claim.py\", line 158, in run\n    await agent.stash()\n  File \"/home/runner/work/epic-free/epic-free/epic/src/claim.py\", line 139, in stash\n    async with async_playwright() as p:\n  File \"/opt/hostedtoolcache/Python/3.10.13/x64/lib/python3.10/site-packages/playwright/async_api/_context_manager.py\", line 58, in __aexit__\n    await self._connection.stop_async()\n  File \"/opt/hostedtoolcache/Python/3.10.13/x64/lib/python3.10/site-packages/playwright/_impl/_connection.py\", line 288, in stop_async\n    self.cleanup()\n  File \"/opt/hostedtoolcache/Python/3.10.13/x64/lib/python3.10/site-packages/playwright/_impl/_connection.py\", line 299, in cleanup\n    callback.future.set_exception(self._closed_error)\nasyncio.exceptions.InvalidStateError: invalid state\n", "record": {"elapsed": {"repr": "0:03:13.128813", "seconds": 193.128813}, "exception": {"type": "InvalidStateError", "value": "invalid state", "traceback": true}, "extra": {}, "file": {"name": "claim.py", "path": "/home/runner/work/epic-free/epic-free/epic/src/claim.py"}, "function": "run", "level": {"icon": "‚ùå", "name": "ERROR", "no": 40}, "line": 158, "message": "An error has been caught in function 'run', process 'MainProcess' (3574), thread 'MainThread' (139833173269376):", "module": "claim", "name": "__main__", "process": {"id": 3574, "name": "MainProcess"}, "thread": {"id": 139833173269376, "name": "MainThread"}, "time": {"repr": "2024-01-12 06:28:04.120934+08:00", "timestamp": 1705012084.120934}}}
