{"text": "2024-01-31 06:23:26 | INFO    | __main__:stash:131 | run - {'image': '20231121', 'version': '0.10.1.post2', 'role': 'EpicPlayer', 'headless': True}\n", "record": {"elapsed": {"repr": "0:00:01.272594", "seconds": 1.272594}, "exception": null, "extra": {"image": "20231121", "version": "0.10.1.post2", "role": "EpicPlayer", "headless": true}, "file": {"name": "claim.py", "path": "/home/runner/work/epic-free/epic-free/epic/src/claim.py"}, "function": "stash", "level": {"icon": "‚ÑπÔ∏è", "name": "INFO", "no": 20}, "line": 131, "message": "run", "module": "claim", "name": "__main__", "process": {"id": 3601, "name": "MainProcess"}, "thread": {"id": 140682876783488, "name": "MainThread"}, "time": {"repr": "2024-01-31 06:23:26.544053+08:00", "timestamp": 1706653406.544053}}}
{"text": "2024-01-31 06:23:35 | INFO    | __main__:claim_epic_games:97 | Try to flush cookie - {'task': 'claim_epic_games'}\n", "record": {"elapsed": {"repr": "0:00:10.349626", "seconds": 10.349626}, "exception": null, "extra": {"task": "claim_epic_games"}, "file": {"name": "claim.py", "path": "/home/runner/work/epic-free/epic-free/epic/src/claim.py"}, "function": "claim_epic_games", "level": {"icon": "‚ÑπÔ∏è", "name": "INFO", "no": 20}, "line": 97, "message": "Try to flush cookie", "module": "claim", "name": "__main__", "process": {"id": 3601, "name": "MainProcess"}, "thread": {"id": 140682876783488, "name": "MainThread"}, "time": {"repr": "2024-01-31 06:23:35.621085+08:00", "timestamp": 1706653415.621085}}}
{"text": "2024-01-31 06:23:37 | SUCCESS    | epic_games.agent:_login:253 | login - {'result': 'Successfully refreshed tokens'}\n", "record": {"elapsed": {"repr": "0:00:12.215150", "seconds": 12.21515}, "exception": null, "extra": {"result": "Successfully refreshed tokens"}, "file": {"name": "agent.py", "path": "/home/runner/work/epic-free/epic-free/epic/src/epic_games/agent.py"}, "function": "_login", "level": {"icon": "‚úÖ", "name": "SUCCESS", "no": 25}, "line": 253, "message": "login", "module": "agent", "name": "epic_games.agent", "process": {"id": 3601, "name": "MainProcess"}, "thread": {"id": 140682876783488, "name": "MainThread"}, "time": {"repr": "2024-01-31 06:23:37.486609+08:00", "timestamp": 1706653417.486609}}}
{"text": "2024-01-31 06:23:46 | SUCCESS    | epic_games.agent:flush_token:280 | flush_token - {'path': PosixPath('/home/runner/work/epic-free/epic-free/epic/user_data_dir/epic-games@1075199251/ctx_cookie.json')}\n", "record": {"elapsed": {"repr": "0:00:21.320246", "seconds": 21.320246}, "exception": null, "extra": {"path": "/home/runner/work/epic-free/epic-free/epic/user_data_dir/epic-games@1075199251/ctx_cookie.json"}, "file": {"name": "agent.py", "path": "/home/runner/work/epic-free/epic-free/epic/src/epic_games/agent.py"}, "function": "flush_token", "level": {"icon": "‚úÖ", "name": "SUCCESS", "no": 25}, "line": 280, "message": "flush_token", "module": "agent", "name": "epic_games.agent", "process": {"id": 3601, "name": "MainProcess"}, "thread": {"id": 140682876783488, "name": "MainThread"}, "time": {"repr": "2024-01-31 06:23:46.591705+08:00", "timestamp": 1706653426.591705}}}
{"text": "2024-01-31 06:23:46 | WARNING    | epic_games.agent:get_order_history:467 | Failed to get order history, cookie may have expired - {}\n", "record": {"elapsed": {"repr": "0:00:21.460362", "seconds": 21.460362}, "exception": null, "extra": {}, "file": {"name": "agent.py", "path": "/home/runner/work/epic-free/epic-free/epic/src/epic_games/agent.py"}, "function": "get_order_history", "level": {"icon": "‚ö†Ô∏è", "name": "WARNING", "no": 30}, "line": 467, "message": "Failed to get order history, cookie may have expired", "module": "agent", "name": "epic_games.agent", "process": {"id": 3601, "name": "MainProcess"}, "thread": {"id": 140682876783488, "name": "MainThread"}, "time": {"repr": "2024-01-31 06:23:46.731821+08:00", "timestamp": 1706653426.731821}}}
{"text": "2024-01-31 06:23:46 | DEBUG    | __main__:create_tasks:66 | Put task - {'title': 'Infinifactory', 'url': 'https://store.epicgames.com/en-US/p/infinifactory-ec9686'}\n", "record": {"elapsed": {"repr": "0:00:21.617080", "seconds": 21.61708}, "exception": null, "extra": {"title": "Infinifactory", "url": "https://store.epicgames.com/en-US/p/infinifactory-ec9686"}, "file": {"name": "claim.py", "path": "/home/runner/work/epic-free/epic-free/epic/src/claim.py"}, "function": "create_tasks", "level": {"icon": "üêû", "name": "DEBUG", "no": 10}, "line": 66, "message": "Put task", "module": "claim", "name": "__main__", "process": {"id": 3601, "name": "MainProcess"}, "thread": {"id": 140682876783488, "name": "MainThread"}, "time": {"repr": "2024-01-31 06:23:46.888539+08:00", "timestamp": 1706653426.888539}}}
{"text": "2024-01-31 06:23:46 | INFO    | epic_games.agent:claim_weekly_games:294 | claim_weekly_games - {'action': 'go to store', 'url': 'https://store.epicgames.com/en-US/p/infinifactory-ec9686'}\n", "record": {"elapsed": {"repr": "0:00:21.617688", "seconds": 21.617688}, "exception": null, "extra": {"action": "go to store", "url": "https://store.epicgames.com/en-US/p/infinifactory-ec9686"}, "file": {"name": "agent.py", "path": "/home/runner/work/epic-free/epic-free/epic/src/epic_games/agent.py"}, "function": "claim_weekly_games", "level": {"icon": "‚ÑπÔ∏è", "name": "INFO", "no": 20}, "line": 294, "message": "claim_weekly_games", "module": "agent", "name": "epic_games.agent", "process": {"id": 3601, "name": "MainProcess"}, "thread": {"id": 140682876783488, "name": "MainThread"}, "time": {"repr": "2024-01-31 06:23:46.889147+08:00", "timestamp": 1706653426.889147}}}
{"text": "2024-01-31 06:23:55 | INFO    | epic_games.agent:claim_weekly_games:326 | claim_weekly_games - {'action': 'move to webPurchaseContainer iframe'}\n", "record": {"elapsed": {"repr": "0:00:29.821431", "seconds": 29.821431}, "exception": null, "extra": {"action": "move to webPurchaseContainer iframe"}, "file": {"name": "agent.py", "path": "/home/runner/work/epic-free/epic-free/epic/src/epic_games/agent.py"}, "function": "claim_weekly_games", "level": {"icon": "‚ÑπÔ∏è", "name": "INFO", "no": 20}, "line": 326, "message": "claim_weekly_games", "module": "agent", "name": "epic_games.agent", "process": {"id": 3601, "name": "MainProcess"}, "thread": {"id": 140682876783488, "name": "MainThread"}, "time": {"repr": "2024-01-31 06:23:55.092890+08:00", "timestamp": 1706653435.09289}}}
{"text": "2024-01-31 06:23:57 | INFO    | epic_games.agent:claim_weekly_games:328 | claim_weekly_games - {'action': 'click payment button'}\n", "record": {"elapsed": {"repr": "0:00:32.192920", "seconds": 32.19292}, "exception": null, "extra": {"action": "click payment button"}, "file": {"name": "agent.py", "path": "/home/runner/work/epic-free/epic-free/epic/src/epic_games/agent.py"}, "function": "claim_weekly_games", "level": {"icon": "‚ÑπÔ∏è", "name": "INFO", "no": 20}, "line": 328, "message": "claim_weekly_games", "module": "agent", "name": "epic_games.agent", "process": {"id": 3601, "name": "MainProcess"}, "thread": {"id": 140682876783488, "name": "MainThread"}, "time": {"repr": "2024-01-31 06:23:57.464379+08:00", "timestamp": 1706653437.464379}}}
{"text": "2024-01-31 06:24:02 | DEBUG    | hcaptcha_challenger.agents.playwright.control:_parse_label:241 | get task - {'prompt': \"Please —Ålick on the meerkat's head\"}\n", "record": {"elapsed": {"repr": "0:00:37.196321", "seconds": 37.196321}, "exception": null, "extra": {"prompt": "Please —Ålick on the meerkat's head"}, "file": {"name": "control.py", "path": "/opt/hostedtoolcache/Python/3.10.13/x64/lib/python3.10/site-packages/hcaptcha_challenger/agents/playwright/control.py"}, "function": "_parse_label", "level": {"icon": "üêû", "name": "DEBUG", "no": 10}, "line": 241, "message": "get task", "module": "control", "name": "hcaptcha_challenger.agents.playwright.control", "process": {"id": 3601, "name": "MainProcess"}, "thread": {"id": 140682876783488, "name": "MainThread"}, "time": {"repr": "2024-01-31 06:24:02.467780+08:00", "timestamp": 1706653442.46778}}}
{"text": "2024-01-31 06:24:08 | DEBUG    | epic_games.agent:insert_challenge:106 | task done - {'sattus': 'success'}\n", "record": {"elapsed": {"repr": "0:00:43.000519", "seconds": 43.000519}, "exception": null, "extra": {"sattus": "success"}, "file": {"name": "agent.py", "path": "/home/runner/work/epic-free/epic-free/epic/src/epic_games/agent.py"}, "function": "insert_challenge", "level": {"icon": "üêû", "name": "DEBUG", "no": 10}, "line": 106, "message": "task done", "module": "agent", "name": "epic_games.agent", "process": {"id": 3601, "name": "MainProcess"}, "thread": {"id": 140682876783488, "name": "MainThread"}, "time": {"repr": "2024-01-31 06:24:08.271978+08:00", "timestamp": 1706653448.271978}}}
{"text": "2024-01-31 06:24:40 | INFO    | epic_games.agent:claim_weekly_games:294 | claim_weekly_games - {'action': 'go to store', 'url': 'https://store.epicgames.com/en-US/p/infinifactory-ec9686'}\n", "record": {"elapsed": {"repr": "0:01:15.154919", "seconds": 75.154919}, "exception": null, "extra": {"action": "go to store", "url": "https://store.epicgames.com/en-US/p/infinifactory-ec9686"}, "file": {"name": "agent.py", "path": "/home/runner/work/epic-free/epic-free/epic/src/epic_games/agent.py"}, "function": "claim_weekly_games", "level": {"icon": "‚ÑπÔ∏è", "name": "INFO", "no": 20}, "line": 294, "message": "claim_weekly_games", "module": "agent", "name": "epic_games.agent", "process": {"id": 3601, "name": "MainProcess"}, "thread": {"id": 140682876783488, "name": "MainThread"}, "time": {"repr": "2024-01-31 06:24:40.426378+08:00", "timestamp": 1706653480.426378}}}
{"text": "2024-01-31 06:24:48 | INFO    | epic_games.agent:claim_weekly_games:326 | claim_weekly_games - {'action': 'move to webPurchaseContainer iframe'}\n", "record": {"elapsed": {"repr": "0:01:23.463712", "seconds": 83.463712}, "exception": null, "extra": {"action": "move to webPurchaseContainer iframe"}, "file": {"name": "agent.py", "path": "/home/runner/work/epic-free/epic-free/epic/src/epic_games/agent.py"}, "function": "claim_weekly_games", "level": {"icon": "‚ÑπÔ∏è", "name": "INFO", "no": 20}, "line": 326, "message": "claim_weekly_games", "module": "agent", "name": "epic_games.agent", "process": {"id": 3601, "name": "MainProcess"}, "thread": {"id": 140682876783488, "name": "MainThread"}, "time": {"repr": "2024-01-31 06:24:48.735171+08:00", "timestamp": 1706653488.735171}}}
{"text": "2024-01-31 06:24:51 | INFO    | epic_games.agent:claim_weekly_games:328 | claim_weekly_games - {'action': 'click payment button'}\n", "record": {"elapsed": {"repr": "0:01:25.862997", "seconds": 85.862997}, "exception": null, "extra": {"action": "click payment button"}, "file": {"name": "agent.py", "path": "/home/runner/work/epic-free/epic-free/epic/src/epic_games/agent.py"}, "function": "claim_weekly_games", "level": {"icon": "‚ÑπÔ∏è", "name": "INFO", "no": 20}, "line": 328, "message": "claim_weekly_games", "module": "agent", "name": "epic_games.agent", "process": {"id": 3601, "name": "MainProcess"}, "thread": {"id": 140682876783488, "name": "MainThread"}, "time": {"repr": "2024-01-31 06:24:51.134456+08:00", "timestamp": 1706653491.134456}}}
{"text": "2024-01-31 06:24:56 | DEBUG    | hcaptcha_challenger.agents.playwright.control:_parse_label:241 | get task - {'prompt': \"Œ°lea—ï–µ click on the meerkat'—ï head\"}\n", "record": {"elapsed": {"repr": "0:01:30.865026", "seconds": 90.865026}, "exception": null, "extra": {"prompt": "Œ°lea—ï–µ click on the meerkat'—ï head"}, "file": {"name": "control.py", "path": "/opt/hostedtoolcache/Python/3.10.13/x64/lib/python3.10/site-packages/hcaptcha_challenger/agents/playwright/control.py"}, "function": "_parse_label", "level": {"icon": "üêû", "name": "DEBUG", "no": 10}, "line": 241, "message": "get task", "module": "control", "name": "hcaptcha_challenger.agents.playwright.control", "process": {"id": 3601, "name": "MainProcess"}, "thread": {"id": 140682876783488, "name": "MainThread"}, "time": {"repr": "2024-01-31 06:24:56.136485+08:00", "timestamp": 1706653496.136485}}}
{"text": "2024-01-31 06:25:01 | DEBUG    | epic_games.agent:insert_challenge:106 | task done - {'sattus': 'success'}\n", "record": {"elapsed": {"repr": "0:01:35.932904", "seconds": 95.932904}, "exception": null, "extra": {"sattus": "success"}, "file": {"name": "agent.py", "path": "/home/runner/work/epic-free/epic-free/epic/src/epic_games/agent.py"}, "function": "insert_challenge", "level": {"icon": "üêû", "name": "DEBUG", "no": 10}, "line": 106, "message": "task done", "module": "agent", "name": "epic_games.agent", "process": {"id": 3601, "name": "MainProcess"}, "thread": {"id": 140682876783488, "name": "MainThread"}, "time": {"repr": "2024-01-31 06:25:01.204363+08:00", "timestamp": 1706653501.204363}}}
{"text": "2024-01-31 06:25:33 | INFO    | epic_games.agent:claim_weekly_games:294 | claim_weekly_games - {'action': 'go to store', 'url': 'https://store.epicgames.com/en-US/p/infinifactory-ec9686'}\n", "record": {"elapsed": {"repr": "0:02:08.083511", "seconds": 128.083511}, "exception": null, "extra": {"action": "go to store", "url": "https://store.epicgames.com/en-US/p/infinifactory-ec9686"}, "file": {"name": "agent.py", "path": "/home/runner/work/epic-free/epic-free/epic/src/epic_games/agent.py"}, "function": "claim_weekly_games", "level": {"icon": "‚ÑπÔ∏è", "name": "INFO", "no": 20}, "line": 294, "message": "claim_weekly_games", "module": "agent", "name": "epic_games.agent", "process": {"id": 3601, "name": "MainProcess"}, "thread": {"id": 140682876783488, "name": "MainThread"}, "time": {"repr": "2024-01-31 06:25:33.354970+08:00", "timestamp": 1706653533.35497}}}
{"text": "2024-01-31 06:25:41 | INFO    | epic_games.agent:claim_weekly_games:326 | claim_weekly_games - {'action': 'move to webPurchaseContainer iframe'}\n", "record": {"elapsed": {"repr": "0:02:16.411114", "seconds": 136.411114}, "exception": null, "extra": {"action": "move to webPurchaseContainer iframe"}, "file": {"name": "agent.py", "path": "/home/runner/work/epic-free/epic-free/epic/src/epic_games/agent.py"}, "function": "claim_weekly_games", "level": {"icon": "‚ÑπÔ∏è", "name": "INFO", "no": 20}, "line": 326, "message": "claim_weekly_games", "module": "agent", "name": "epic_games.agent", "process": {"id": 3601, "name": "MainProcess"}, "thread": {"id": 140682876783488, "name": "MainThread"}, "time": {"repr": "2024-01-31 06:25:41.682573+08:00", "timestamp": 1706653541.682573}}}
{"text": "2024-01-31 06:25:44 | INFO    | epic_games.agent:claim_weekly_games:328 | claim_weekly_games - {'action': 'click payment button'}\n", "record": {"elapsed": {"repr": "0:02:18.797232", "seconds": 138.797232}, "exception": null, "extra": {"action": "click payment button"}, "file": {"name": "agent.py", "path": "/home/runner/work/epic-free/epic-free/epic/src/epic_games/agent.py"}, "function": "claim_weekly_games", "level": {"icon": "‚ÑπÔ∏è", "name": "INFO", "no": 20}, "line": 328, "message": "claim_weekly_games", "module": "agent", "name": "epic_games.agent", "process": {"id": 3601, "name": "MainProcess"}, "thread": {"id": 140682876783488, "name": "MainThread"}, "time": {"repr": "2024-01-31 06:25:44.068691+08:00", "timestamp": 1706653544.068691}}}
{"text": "2024-01-31 06:25:49 | DEBUG    | hcaptcha_challenger.agents.playwright.control:_parse_label:241 | get task - {'prompt': \"Please click on the meerkat's head\"}\n", "record": {"elapsed": {"repr": "0:02:23.799490", "seconds": 143.79949}, "exception": null, "extra": {"prompt": "Please click on the meerkat's head"}, "file": {"name": "control.py", "path": "/opt/hostedtoolcache/Python/3.10.13/x64/lib/python3.10/site-packages/hcaptcha_challenger/agents/playwright/control.py"}, "function": "_parse_label", "level": {"icon": "üêû", "name": "DEBUG", "no": 10}, "line": 241, "message": "get task", "module": "control", "name": "hcaptcha_challenger.agents.playwright.control", "process": {"id": 3601, "name": "MainProcess"}, "thread": {"id": 140682876783488, "name": "MainThread"}, "time": {"repr": "2024-01-31 06:25:49.070949+08:00", "timestamp": 1706653549.070949}}}
{"text": "2024-01-31 06:25:50 | DEBUG    | hcaptcha_challenger.agents.playwright.control:lookup_objects:317 | handle task - {'catch_model': 'head_of_the_meerkat_2311_yolov8n.onnx', 'ash': \"please click on the meerkat's head default\"}\n", "record": {"elapsed": {"repr": "0:02:25.261024", "seconds": 145.261024}, "exception": null, "extra": {"catch_model": "head_of_the_meerkat_2311_yolov8n.onnx", "ash": "please click on the meerkat's head default"}, "file": {"name": "control.py", "path": "/opt/hostedtoolcache/Python/3.10.13/x64/lib/python3.10/site-packages/hcaptcha_challenger/agents/playwright/control.py"}, "function": "lookup_objects", "level": {"icon": "üêû", "name": "DEBUG", "no": 10}, "line": 317, "message": "handle task", "module": "control", "name": "hcaptcha_challenger.agents.playwright.control", "process": {"id": 3601, "name": "MainProcess"}, "thread": {"id": 140682876783488, "name": "MainThread"}, "time": {"repr": "2024-01-31 06:25:50.532483+08:00", "timestamp": 1706653550.532483}}}
{"text": "2024-01-31 06:25:56 | DEBUG    | epic_games.agent:insert_challenge:106 | task done - {'sattus': 'success'}\n", "record": {"elapsed": {"repr": "0:02:31.387145", "seconds": 151.387145}, "exception": null, "extra": {"sattus": "success"}, "file": {"name": "agent.py", "path": "/home/runner/work/epic-free/epic-free/epic/src/epic_games/agent.py"}, "function": "insert_challenge", "level": {"icon": "üêû", "name": "DEBUG", "no": 10}, "line": 106, "message": "task done", "module": "agent", "name": "epic_games.agent", "process": {"id": 3601, "name": "MainProcess"}, "thread": {"id": 140682876783488, "name": "MainThread"}, "time": {"repr": "2024-01-31 06:25:56.658604+08:00", "timestamp": 1706653556.658604}}}
{"text": "2024-01-31 06:26:28 | ERROR    | __main__:run:158 | An error has been caught in function 'run', process 'MainProcess' (3601), thread 'MainThread' (140682876783488): - {}\nTraceback (most recent call last):\n  File \"/home/runner/work/epic-free/epic-free/epic/src/claim.py\", line 151, in stash\n    await self.claim_epic_games(context)\n  File \"/home/runner/work/epic-free/epic-free/epic/src/claim.py\", line 122, in claim_epic_games\n    await epic.claim_weekly_games(page, single_promotions)\n  File \"/opt/hostedtoolcache/Python/3.10.13/x64/lib/python3.10/site-packages/tenacity/_asyncio.py\", line 88, in async_wrapped\n    return await fn(*args, **kwargs)\n  File \"/opt/hostedtoolcache/Python/3.10.13/x64/lib/python3.10/site-packages/tenacity/_asyncio.py\", line 47, in __call__\n    do = self.iter(retry_state=retry_state)\n  File \"/opt/hostedtoolcache/Python/3.10.13/x64/lib/python3.10/site-packages/tenacity/__init__.py\", line 325, in iter\n    raise retry_exc.reraise()\n  File \"/opt/hostedtoolcache/Python/3.10.13/x64/lib/python3.10/site-packages/tenacity/__init__.py\", line 158, in reraise\n    raise self.last_attempt.result()\n  File \"/opt/hostedtoolcache/Python/3.10.13/x64/lib/python3.10/concurrent/futures/_base.py\", line 451, in result\n    return self.__get_result()\n  File \"/opt/hostedtoolcache/Python/3.10.13/x64/lib/python3.10/concurrent/futures/_base.py\", line 403, in __get_result\n    raise self._exception\n  File \"/opt/hostedtoolcache/Python/3.10.13/x64/lib/python3.10/site-packages/tenacity/_asyncio.py\", line 50, in __call__\n    result = await fn(*args, **kwargs)\n  File \"/home/runner/work/epic-free/epic-free/epic/src/epic_games/agent.py\", line 338, in claim_weekly_games\n    await page.wait_for_url(recur_url)\n  File \"/opt/hostedtoolcache/Python/3.10.13/x64/lib/python3.10/site-packages/playwright/async_api/_generated.py\", line 9432, in wait_for_url\n    await self._impl_obj.wait_for_url(\n  File \"/opt/hostedtoolcache/Python/3.10.13/x64/lib/python3.10/site-packages/playwright/_impl/_page.py\", line 508, in wait_for_url\n    return await self._main_frame.wait_for_url(**locals_to_params(locals()))\n  File \"/opt/hostedtoolcache/Python/3.10.13/x64/lib/python3.10/site-packages/playwright/_impl/_frame.py\", line 237, in wait_for_url\n    async with self.expect_navigation(\n  File \"/opt/hostedtoolcache/Python/3.10.13/x64/lib/python3.10/site-packages/playwright/_impl/_event_context_manager.py\", line 33, in __aexit__\n    await self._future\n  File \"/opt/hostedtoolcache/Python/3.10.13/x64/lib/python3.10/site-packages/playwright/_impl/_frame.py\", line 212, in continuation\n    event = await waiter.result()\nplaywright._impl._errors.TimeoutError: Timeout 30000ms exceeded.\n=========================== logs ===========================\nwaiting for navigation to \"https://store.epicgames.com/en-US/cart/success\" until 'load'\n============================================================\n\nDuring handling of the above exception, another exception occurred:\n\nTraceback (most recent call last):\n  File \"/home/runner/work/epic-free/epic-free/epic/src/claim.py\", line 162, in <module>\n    asyncio.run(run())\n  File \"/opt/hostedtoolcache/Python/3.10.13/x64/lib/python3.10/asyncio/runners.py\", line 44, in run\n    return loop.run_until_complete(main)\n  File \"/opt/hostedtoolcache/Python/3.10.13/x64/lib/python3.10/asyncio/base_events.py\", line 636, in run_until_complete\n    self.run_forever()\n  File \"/opt/hostedtoolcache/Python/3.10.13/x64/lib/python3.10/asyncio/base_events.py\", line 603, in run_forever\n    self._run_once()\n  File \"/opt/hostedtoolcache/Python/3.10.13/x64/lib/python3.10/asyncio/base_events.py\", line 1909, in _run_once\n    handle._run()\n  File \"/opt/hostedtoolcache/Python/3.10.13/x64/lib/python3.10/asyncio/events.py\", line 80, in _run\n    self._context.run(self._callback, *self._args)\n> File \"/home/runner/work/epic-free/epic-free/epic/src/claim.py\", line 158, in run\n    await agent.stash()\n  File \"/home/runner/work/epic-free/epic-free/epic/src/claim.py\", line 139, in stash\n    async with async_playwright() as p:\n  File \"/opt/hostedtoolcache/Python/3.10.13/x64/lib/python3.10/site-packages/playwright/async_api/_context_manager.py\", line 58, in __aexit__\n    await self._connection.stop_async()\n  File \"/opt/hostedtoolcache/Python/3.10.13/x64/lib/python3.10/site-packages/playwright/_impl/_connection.py\", line 289, in stop_async\n    self.cleanup()\n  File \"/opt/hostedtoolcache/Python/3.10.13/x64/lib/python3.10/site-packages/playwright/_impl/_connection.py\", line 300, in cleanup\n    callback.future.set_exception(self._closed_error)\nasyncio.exceptions.InvalidStateError: invalid state\n", "record": {"elapsed": {"repr": "0:03:03.240159", "seconds": 183.240159}, "exception": {"type": "InvalidStateError", "value": "invalid state", "traceback": true}, "extra": {}, "file": {"name": "claim.py", "path": "/home/runner/work/epic-free/epic-free/epic/src/claim.py"}, "function": "run", "level": {"icon": "‚ùå", "name": "ERROR", "no": 40}, "line": 158, "message": "An error has been caught in function 'run', process 'MainProcess' (3601), thread 'MainThread' (140682876783488):", "module": "claim", "name": "__main__", "process": {"id": 3601, "name": "MainProcess"}, "thread": {"id": 140682876783488, "name": "MainThread"}, "time": {"repr": "2024-01-31 06:26:28.511618+08:00", "timestamp": 1706653588.511618}}}
