{"text": "2024-02-09 06:23:06 | INFO    | __main__:stash:131 | run - {'image': '20231121', 'version': '0.10.1.post2', 'role': 'EpicPlayer', 'headless': True}\n", "record": {"elapsed": {"repr": "0:00:01.172802", "seconds": 1.172802}, "exception": null, "extra": {"image": "20231121", "version": "0.10.1.post2", "role": "EpicPlayer", "headless": true}, "file": {"name": "claim.py", "path": "/home/runner/work/epic-free/epic-free/epic/src/claim.py"}, "function": "stash", "level": {"icon": "‚ÑπÔ∏è", "name": "INFO", "no": 20}, "line": 131, "message": "run", "module": "claim", "name": "__main__", "process": {"id": 3528, "name": "MainProcess"}, "thread": {"id": 140445499452288, "name": "MainThread"}, "time": {"repr": "2024-02-09 06:23:06.742586+08:00", "timestamp": 1707430986.742586}}}
{"text": "2024-02-09 06:23:16 | INFO    | __main__:claim_epic_games:97 | Try to flush cookie - {'task': 'claim_epic_games'}\n", "record": {"elapsed": {"repr": "0:00:10.708493", "seconds": 10.708493}, "exception": null, "extra": {"task": "claim_epic_games"}, "file": {"name": "claim.py", "path": "/home/runner/work/epic-free/epic-free/epic/src/claim.py"}, "function": "claim_epic_games", "level": {"icon": "‚ÑπÔ∏è", "name": "INFO", "no": 20}, "line": 97, "message": "Try to flush cookie", "module": "claim", "name": "__main__", "process": {"id": 3528, "name": "MainProcess"}, "thread": {"id": 140445499452288, "name": "MainThread"}, "time": {"repr": "2024-02-09 06:23:16.278277+08:00", "timestamp": 1707430996.278277}}}
{"text": "2024-02-09 06:23:18 | SUCCESS    | epic_games.agent:_login:253 | login - {'result': 'Successfully refreshed tokens'}\n", "record": {"elapsed": {"repr": "0:00:12.731062", "seconds": 12.731062}, "exception": null, "extra": {"result": "Successfully refreshed tokens"}, "file": {"name": "agent.py", "path": "/home/runner/work/epic-free/epic-free/epic/src/epic_games/agent.py"}, "function": "_login", "level": {"icon": "‚úÖ", "name": "SUCCESS", "no": 25}, "line": 253, "message": "login", "module": "agent", "name": "epic_games.agent", "process": {"id": 3528, "name": "MainProcess"}, "thread": {"id": 140445499452288, "name": "MainThread"}, "time": {"repr": "2024-02-09 06:23:18.300846+08:00", "timestamp": 1707430998.300846}}}
{"text": "2024-02-09 06:23:28 | SUCCESS    | epic_games.agent:flush_token:280 | flush_token - {'path': PosixPath('/home/runner/work/epic-free/epic-free/epic/user_data_dir/epic-games@1075199251/ctx_cookie.json')}\n", "record": {"elapsed": {"repr": "0:00:23.218589", "seconds": 23.218589}, "exception": null, "extra": {"path": "/home/runner/work/epic-free/epic-free/epic/user_data_dir/epic-games@1075199251/ctx_cookie.json"}, "file": {"name": "agent.py", "path": "/home/runner/work/epic-free/epic-free/epic/src/epic_games/agent.py"}, "function": "flush_token", "level": {"icon": "‚úÖ", "name": "SUCCESS", "no": 25}, "line": 280, "message": "flush_token", "module": "agent", "name": "epic_games.agent", "process": {"id": 3528, "name": "MainProcess"}, "thread": {"id": 140445499452288, "name": "MainThread"}, "time": {"repr": "2024-02-09 06:23:28.788373+08:00", "timestamp": 1707431008.788373}}}
{"text": "2024-02-09 06:23:28 | WARNING    | epic_games.agent:get_order_history:467 | Failed to get order history, cookie may have expired - {}\n", "record": {"elapsed": {"repr": "0:00:23.312931", "seconds": 23.312931}, "exception": null, "extra": {}, "file": {"name": "agent.py", "path": "/home/runner/work/epic-free/epic-free/epic/src/epic_games/agent.py"}, "function": "get_order_history", "level": {"icon": "‚ö†Ô∏è", "name": "WARNING", "no": 30}, "line": 467, "message": "Failed to get order history, cookie may have expired", "module": "agent", "name": "epic_games.agent", "process": {"id": 3528, "name": "MainProcess"}, "thread": {"id": 140445499452288, "name": "MainThread"}, "time": {"repr": "2024-02-09 06:23:28.882715+08:00", "timestamp": 1707431008.882715}}}
{"text": "2024-02-09 06:23:29 | DEBUG    | __main__:create_tasks:66 | Put task - {'title': 'Doki Doki Literature Club Plus!', 'url': 'https://store.epicgames.com/en-US/p/doki-doki-literature-club-plus'}\n", "record": {"elapsed": {"repr": "0:00:23.756800", "seconds": 23.7568}, "exception": null, "extra": {"title": "Doki Doki Literature Club Plus!", "url": "https://store.epicgames.com/en-US/p/doki-doki-literature-club-plus"}, "file": {"name": "claim.py", "path": "/home/runner/work/epic-free/epic-free/epic/src/claim.py"}, "function": "create_tasks", "level": {"icon": "üêû", "name": "DEBUG", "no": 10}, "line": 66, "message": "Put task", "module": "claim", "name": "__main__", "process": {"id": 3528, "name": "MainProcess"}, "thread": {"id": 140445499452288, "name": "MainThread"}, "time": {"repr": "2024-02-09 06:23:29.326584+08:00", "timestamp": 1707431009.326584}}}
{"text": "2024-02-09 06:23:29 | DEBUG    | __main__:create_tasks:66 | Put task - {'title': 'Lost Castle', 'url': 'https://store.epicgames.com/en-US/p/lost-castle-abb2e2'}\n", "record": {"elapsed": {"repr": "0:00:23.757263", "seconds": 23.757263}, "exception": null, "extra": {"title": "Lost Castle", "url": "https://store.epicgames.com/en-US/p/lost-castle-abb2e2"}, "file": {"name": "claim.py", "path": "/home/runner/work/epic-free/epic-free/epic/src/claim.py"}, "function": "create_tasks", "level": {"icon": "üêû", "name": "DEBUG", "no": 10}, "line": 66, "message": "Put task", "module": "claim", "name": "__main__", "process": {"id": 3528, "name": "MainProcess"}, "thread": {"id": 140445499452288, "name": "MainThread"}, "time": {"repr": "2024-02-09 06:23:29.327047+08:00", "timestamp": 1707431009.327047}}}
{"text": "2024-02-09 06:23:29 | INFO    | epic_games.agent:claim_weekly_games:294 | claim_weekly_games - {'action': 'go to store', 'url': 'https://store.epicgames.com/en-US/p/doki-doki-literature-club-plus'}\n", "record": {"elapsed": {"repr": "0:00:23.757590", "seconds": 23.75759}, "exception": null, "extra": {"action": "go to store", "url": "https://store.epicgames.com/en-US/p/doki-doki-literature-club-plus"}, "file": {"name": "agent.py", "path": "/home/runner/work/epic-free/epic-free/epic/src/epic_games/agent.py"}, "function": "claim_weekly_games", "level": {"icon": "‚ÑπÔ∏è", "name": "INFO", "no": 20}, "line": 294, "message": "claim_weekly_games", "module": "agent", "name": "epic_games.agent", "process": {"id": 3528, "name": "MainProcess"}, "thread": {"id": 140445499452288, "name": "MainThread"}, "time": {"repr": "2024-02-09 06:23:29.327374+08:00", "timestamp": 1707431009.327374}}}
{"text": "2024-02-09 06:23:32 | INFO    | epic_games.agent:claim_weekly_games:294 | claim_weekly_games - {'action': 'go to store', 'url': 'https://store.epicgames.com/en-US/p/lost-castle-abb2e2'}\n", "record": {"elapsed": {"repr": "0:00:26.704817", "seconds": 26.704817}, "exception": null, "extra": {"action": "go to store", "url": "https://store.epicgames.com/en-US/p/lost-castle-abb2e2"}, "file": {"name": "agent.py", "path": "/home/runner/work/epic-free/epic-free/epic/src/epic_games/agent.py"}, "function": "claim_weekly_games", "level": {"icon": "‚ÑπÔ∏è", "name": "INFO", "no": 20}, "line": 294, "message": "claim_weekly_games", "module": "agent", "name": "epic_games.agent", "process": {"id": 3528, "name": "MainProcess"}, "thread": {"id": 140445499452288, "name": "MainThread"}, "time": {"repr": "2024-02-09 06:23:32.274601+08:00", "timestamp": 1707431012.274601}}}
{"text": "2024-02-09 06:23:43 | INFO    | epic_games.agent:claim_weekly_games:326 | claim_weekly_games - {'action': 'move to webPurchaseContainer iframe'}\n", "record": {"elapsed": {"repr": "0:00:38.298999", "seconds": 38.298999}, "exception": null, "extra": {"action": "move to webPurchaseContainer iframe"}, "file": {"name": "agent.py", "path": "/home/runner/work/epic-free/epic-free/epic/src/epic_games/agent.py"}, "function": "claim_weekly_games", "level": {"icon": "‚ÑπÔ∏è", "name": "INFO", "no": 20}, "line": 326, "message": "claim_weekly_games", "module": "agent", "name": "epic_games.agent", "process": {"id": 3528, "name": "MainProcess"}, "thread": {"id": 140445499452288, "name": "MainThread"}, "time": {"repr": "2024-02-09 06:23:43.868783+08:00", "timestamp": 1707431023.868783}}}
{"text": "2024-02-09 06:23:46 | INFO    | epic_games.agent:claim_weekly_games:328 | claim_weekly_games - {'action': 'click payment button'}\n", "record": {"elapsed": {"repr": "0:00:40.697973", "seconds": 40.697973}, "exception": null, "extra": {"action": "click payment button"}, "file": {"name": "agent.py", "path": "/home/runner/work/epic-free/epic-free/epic/src/epic_games/agent.py"}, "function": "claim_weekly_games", "level": {"icon": "‚ÑπÔ∏è", "name": "INFO", "no": 20}, "line": 328, "message": "claim_weekly_games", "module": "agent", "name": "epic_games.agent", "process": {"id": 3528, "name": "MainProcess"}, "thread": {"id": 140445499452288, "name": "MainThread"}, "time": {"repr": "2024-02-09 06:23:46.267757+08:00", "timestamp": 1707431026.267757}}}
{"text": "2024-02-09 06:23:51 | DEBUG    | hcaptcha_challenger.agents.playwright.control:_parse_label:241 | get task - {'prompt': 'Please click on the object that ‘Åiffers from others.'}\n", "record": {"elapsed": {"repr": "0:00:45.700372", "seconds": 45.700372}, "exception": null, "extra": {"prompt": "Please click on the object that ‘Åiffers from others."}, "file": {"name": "control.py", "path": "/opt/hostedtoolcache/Python/3.10.13/x64/lib/python3.10/site-packages/hcaptcha_challenger/agents/playwright/control.py"}, "function": "_parse_label", "level": {"icon": "üêû", "name": "DEBUG", "no": 10}, "line": 241, "message": "get task", "module": "control", "name": "hcaptcha_challenger.agents.playwright.control", "process": {"id": 3528, "name": "MainProcess"}, "thread": {"id": 140445499452288, "name": "MainThread"}, "time": {"repr": "2024-02-09 06:23:51.270156+08:00", "timestamp": 1707431031.270156}}}
{"text": "2024-02-09 06:23:56 | DEBUG    | epic_games.agent:insert_challenge:106 | task done - {'sattus': 'success'}\n", "record": {"elapsed": {"repr": "0:00:50.631537", "seconds": 50.631537}, "exception": null, "extra": {"sattus": "success"}, "file": {"name": "agent.py", "path": "/home/runner/work/epic-free/epic-free/epic/src/epic_games/agent.py"}, "function": "insert_challenge", "level": {"icon": "üêû", "name": "DEBUG", "no": 10}, "line": 106, "message": "task done", "module": "agent", "name": "epic_games.agent", "process": {"id": 3528, "name": "MainProcess"}, "thread": {"id": 140445499452288, "name": "MainThread"}, "time": {"repr": "2024-02-09 06:23:56.201321+08:00", "timestamp": 1707431036.201321}}}
{"text": "2024-02-09 06:24:28 | INFO    | epic_games.agent:claim_weekly_games:294 | claim_weekly_games - {'action': 'go to store', 'url': 'https://store.epicgames.com/en-US/p/doki-doki-literature-club-plus'}\n", "record": {"elapsed": {"repr": "0:01:22.784495", "seconds": 82.784495}, "exception": null, "extra": {"action": "go to store", "url": "https://store.epicgames.com/en-US/p/doki-doki-literature-club-plus"}, "file": {"name": "agent.py", "path": "/home/runner/work/epic-free/epic-free/epic/src/epic_games/agent.py"}, "function": "claim_weekly_games", "level": {"icon": "‚ÑπÔ∏è", "name": "INFO", "no": 20}, "line": 294, "message": "claim_weekly_games", "module": "agent", "name": "epic_games.agent", "process": {"id": 3528, "name": "MainProcess"}, "thread": {"id": 140445499452288, "name": "MainThread"}, "time": {"repr": "2024-02-09 06:24:28.354279+08:00", "timestamp": 1707431068.354279}}}
{"text": "2024-02-09 06:24:33 | INFO    | epic_games.agent:claim_weekly_games:294 | claim_weekly_games - {'action': 'go to store', 'url': 'https://store.epicgames.com/en-US/p/lost-castle-abb2e2'}\n", "record": {"elapsed": {"repr": "0:01:27.891908", "seconds": 87.891908}, "exception": null, "extra": {"action": "go to store", "url": "https://store.epicgames.com/en-US/p/lost-castle-abb2e2"}, "file": {"name": "agent.py", "path": "/home/runner/work/epic-free/epic-free/epic/src/epic_games/agent.py"}, "function": "claim_weekly_games", "level": {"icon": "‚ÑπÔ∏è", "name": "INFO", "no": 20}, "line": 294, "message": "claim_weekly_games", "module": "agent", "name": "epic_games.agent", "process": {"id": 3528, "name": "MainProcess"}, "thread": {"id": 140445499452288, "name": "MainThread"}, "time": {"repr": "2024-02-09 06:24:33.461692+08:00", "timestamp": 1707431073.461692}}}
{"text": "2024-02-09 06:24:42 | INFO    | epic_games.agent:claim_weekly_games:326 | claim_weekly_games - {'action': 'move to webPurchaseContainer iframe'}\n", "record": {"elapsed": {"repr": "0:01:36.791898", "seconds": 96.791898}, "exception": null, "extra": {"action": "move to webPurchaseContainer iframe"}, "file": {"name": "agent.py", "path": "/home/runner/work/epic-free/epic-free/epic/src/epic_games/agent.py"}, "function": "claim_weekly_games", "level": {"icon": "‚ÑπÔ∏è", "name": "INFO", "no": 20}, "line": 326, "message": "claim_weekly_games", "module": "agent", "name": "epic_games.agent", "process": {"id": 3528, "name": "MainProcess"}, "thread": {"id": 140445499452288, "name": "MainThread"}, "time": {"repr": "2024-02-09 06:24:42.361682+08:00", "timestamp": 1707431082.361682}}}
{"text": "2024-02-09 06:24:44 | INFO    | epic_games.agent:claim_weekly_games:328 | claim_weekly_games - {'action': 'click payment button'}\n", "record": {"elapsed": {"repr": "0:01:39.195841", "seconds": 99.195841}, "exception": null, "extra": {"action": "click payment button"}, "file": {"name": "agent.py", "path": "/home/runner/work/epic-free/epic-free/epic/src/epic_games/agent.py"}, "function": "claim_weekly_games", "level": {"icon": "‚ÑπÔ∏è", "name": "INFO", "no": 20}, "line": 328, "message": "claim_weekly_games", "module": "agent", "name": "epic_games.agent", "process": {"id": 3528, "name": "MainProcess"}, "thread": {"id": 140445499452288, "name": "MainThread"}, "time": {"repr": "2024-02-09 06:24:44.765625+08:00", "timestamp": 1707431084.765625}}}
{"text": "2024-02-09 06:24:49 | DEBUG    | hcaptcha_challenger.agents.playwright.control:_parse_label:241 | get task - {'prompt': 'Œ°lease click on the object that differs from others.'}\n", "record": {"elapsed": {"repr": "0:01:44.197146", "seconds": 104.197146}, "exception": null, "extra": {"prompt": "Œ°lease click on the object that differs from others."}, "file": {"name": "control.py", "path": "/opt/hostedtoolcache/Python/3.10.13/x64/lib/python3.10/site-packages/hcaptcha_challenger/agents/playwright/control.py"}, "function": "_parse_label", "level": {"icon": "üêû", "name": "DEBUG", "no": 10}, "line": 241, "message": "get task", "module": "control", "name": "hcaptcha_challenger.agents.playwright.control", "process": {"id": 3528, "name": "MainProcess"}, "thread": {"id": 140445499452288, "name": "MainThread"}, "time": {"repr": "2024-02-09 06:24:49.766930+08:00", "timestamp": 1707431089.76693}}}
{"text": "2024-02-09 06:24:55 | DEBUG    | epic_games.agent:insert_challenge:106 | task done - {'sattus': 'success'}\n", "record": {"elapsed": {"repr": "0:01:49.637579", "seconds": 109.637579}, "exception": null, "extra": {"sattus": "success"}, "file": {"name": "agent.py", "path": "/home/runner/work/epic-free/epic-free/epic/src/epic_games/agent.py"}, "function": "insert_challenge", "level": {"icon": "üêû", "name": "DEBUG", "no": 10}, "line": 106, "message": "task done", "module": "agent", "name": "epic_games.agent", "process": {"id": 3528, "name": "MainProcess"}, "thread": {"id": 140445499452288, "name": "MainThread"}, "time": {"repr": "2024-02-09 06:24:55.207363+08:00", "timestamp": 1707431095.207363}}}
{"text": "2024-02-09 06:25:27 | INFO    | epic_games.agent:claim_weekly_games:294 | claim_weekly_games - {'action': 'go to store', 'url': 'https://store.epicgames.com/en-US/p/doki-doki-literature-club-plus'}\n", "record": {"elapsed": {"repr": "0:02:21.813020", "seconds": 141.81302}, "exception": null, "extra": {"action": "go to store", "url": "https://store.epicgames.com/en-US/p/doki-doki-literature-club-plus"}, "file": {"name": "agent.py", "path": "/home/runner/work/epic-free/epic-free/epic/src/epic_games/agent.py"}, "function": "claim_weekly_games", "level": {"icon": "‚ÑπÔ∏è", "name": "INFO", "no": 20}, "line": 294, "message": "claim_weekly_games", "module": "agent", "name": "epic_games.agent", "process": {"id": 3528, "name": "MainProcess"}, "thread": {"id": 140445499452288, "name": "MainThread"}, "time": {"repr": "2024-02-09 06:25:27.382804+08:00", "timestamp": 1707431127.382804}}}
{"text": "2024-02-09 06:25:32 | INFO    | epic_games.agent:claim_weekly_games:294 | claim_weekly_games - {'action': 'go to store', 'url': 'https://store.epicgames.com/en-US/p/lost-castle-abb2e2'}\n", "record": {"elapsed": {"repr": "0:02:26.994729", "seconds": 146.994729}, "exception": null, "extra": {"action": "go to store", "url": "https://store.epicgames.com/en-US/p/lost-castle-abb2e2"}, "file": {"name": "agent.py", "path": "/home/runner/work/epic-free/epic-free/epic/src/epic_games/agent.py"}, "function": "claim_weekly_games", "level": {"icon": "‚ÑπÔ∏è", "name": "INFO", "no": 20}, "line": 294, "message": "claim_weekly_games", "module": "agent", "name": "epic_games.agent", "process": {"id": 3528, "name": "MainProcess"}, "thread": {"id": 140445499452288, "name": "MainThread"}, "time": {"repr": "2024-02-09 06:25:32.564513+08:00", "timestamp": 1707431132.564513}}}
{"text": "2024-02-09 06:25:41 | INFO    | epic_games.agent:claim_weekly_games:326 | claim_weekly_games - {'action': 'move to webPurchaseContainer iframe'}\n", "record": {"elapsed": {"repr": "0:02:36.049323", "seconds": 156.049323}, "exception": null, "extra": {"action": "move to webPurchaseContainer iframe"}, "file": {"name": "agent.py", "path": "/home/runner/work/epic-free/epic-free/epic/src/epic_games/agent.py"}, "function": "claim_weekly_games", "level": {"icon": "‚ÑπÔ∏è", "name": "INFO", "no": 20}, "line": 326, "message": "claim_weekly_games", "module": "agent", "name": "epic_games.agent", "process": {"id": 3528, "name": "MainProcess"}, "thread": {"id": 140445499452288, "name": "MainThread"}, "time": {"repr": "2024-02-09 06:25:41.619107+08:00", "timestamp": 1707431141.619107}}}
{"text": "2024-02-09 06:25:44 | INFO    | epic_games.agent:claim_weekly_games:328 | claim_weekly_games - {'action': 'click payment button'}\n", "record": {"elapsed": {"repr": "0:02:38.439430", "seconds": 158.43943}, "exception": null, "extra": {"action": "click payment button"}, "file": {"name": "agent.py", "path": "/home/runner/work/epic-free/epic-free/epic/src/epic_games/agent.py"}, "function": "claim_weekly_games", "level": {"icon": "‚ÑπÔ∏è", "name": "INFO", "no": 20}, "line": 328, "message": "claim_weekly_games", "module": "agent", "name": "epic_games.agent", "process": {"id": 3528, "name": "MainProcess"}, "thread": {"id": 140445499452288, "name": "MainThread"}, "time": {"repr": "2024-02-09 06:25:44.009214+08:00", "timestamp": 1707431144.009214}}}
{"text": "2024-02-09 06:25:49 | DEBUG    | hcaptcha_challenger.agents.playwright.control:_parse_label:241 | get task - {'prompt': 'Ple–∞se click on the object th–∞t differs from others.'}\n", "record": {"elapsed": {"repr": "0:02:43.441061", "seconds": 163.441061}, "exception": null, "extra": {"prompt": "Ple–∞se click on the object th–∞t differs from others."}, "file": {"name": "control.py", "path": "/opt/hostedtoolcache/Python/3.10.13/x64/lib/python3.10/site-packages/hcaptcha_challenger/agents/playwright/control.py"}, "function": "_parse_label", "level": {"icon": "üêû", "name": "DEBUG", "no": 10}, "line": 241, "message": "get task", "module": "control", "name": "hcaptcha_challenger.agents.playwright.control", "process": {"id": 3528, "name": "MainProcess"}, "thread": {"id": 140445499452288, "name": "MainThread"}, "time": {"repr": "2024-02-09 06:25:49.010845+08:00", "timestamp": 1707431149.010845}}}
{"text": "2024-02-09 06:25:53 | DEBUG    | epic_games.agent:insert_challenge:106 | task done - {'sattus': 'success'}\n", "record": {"elapsed": {"repr": "0:02:48.382753", "seconds": 168.382753}, "exception": null, "extra": {"sattus": "success"}, "file": {"name": "agent.py", "path": "/home/runner/work/epic-free/epic-free/epic/src/epic_games/agent.py"}, "function": "insert_challenge", "level": {"icon": "üêû", "name": "DEBUG", "no": 10}, "line": 106, "message": "task done", "module": "agent", "name": "epic_games.agent", "process": {"id": 3528, "name": "MainProcess"}, "thread": {"id": 140445499452288, "name": "MainThread"}, "time": {"repr": "2024-02-09 06:25:53.952537+08:00", "timestamp": 1707431153.952537}}}
{"text": "2024-02-09 06:26:25 | ERROR    | __main__:run:158 | An error has been caught in function 'run', process 'MainProcess' (3528), thread 'MainThread' (140445499452288): - {}\nTraceback (most recent call last):\n  File \"/home/runner/work/epic-free/epic-free/epic/src/claim.py\", line 151, in stash\n    await self.claim_epic_games(context)\n  File \"/home/runner/work/epic-free/epic-free/epic/src/claim.py\", line 122, in claim_epic_games\n    await epic.claim_weekly_games(page, single_promotions)\n  File \"/opt/hostedtoolcache/Python/3.10.13/x64/lib/python3.10/site-packages/tenacity/_asyncio.py\", line 88, in async_wrapped\n    return await fn(*args, **kwargs)\n  File \"/opt/hostedtoolcache/Python/3.10.13/x64/lib/python3.10/site-packages/tenacity/_asyncio.py\", line 47, in __call__\n    do = self.iter(retry_state=retry_state)\n  File \"/opt/hostedtoolcache/Python/3.10.13/x64/lib/python3.10/site-packages/tenacity/__init__.py\", line 325, in iter\n    raise retry_exc.reraise()\n  File \"/opt/hostedtoolcache/Python/3.10.13/x64/lib/python3.10/site-packages/tenacity/__init__.py\", line 158, in reraise\n    raise self.last_attempt.result()\n  File \"/opt/hostedtoolcache/Python/3.10.13/x64/lib/python3.10/concurrent/futures/_base.py\", line 451, in result\n    return self.__get_result()\n  File \"/opt/hostedtoolcache/Python/3.10.13/x64/lib/python3.10/concurrent/futures/_base.py\", line 403, in __get_result\n    raise self._exception\n  File \"/opt/hostedtoolcache/Python/3.10.13/x64/lib/python3.10/site-packages/tenacity/_asyncio.py\", line 50, in __call__\n    result = await fn(*args, **kwargs)\n  File \"/home/runner/work/epic-free/epic-free/epic/src/epic_games/agent.py\", line 338, in claim_weekly_games\n    await page.wait_for_url(recur_url)\n  File \"/opt/hostedtoolcache/Python/3.10.13/x64/lib/python3.10/site-packages/playwright/async_api/_generated.py\", line 9432, in wait_for_url\n    await self._impl_obj.wait_for_url(\n  File \"/opt/hostedtoolcache/Python/3.10.13/x64/lib/python3.10/site-packages/playwright/_impl/_page.py\", line 508, in wait_for_url\n    return await self._main_frame.wait_for_url(**locals_to_params(locals()))\n  File \"/opt/hostedtoolcache/Python/3.10.13/x64/lib/python3.10/site-packages/playwright/_impl/_frame.py\", line 237, in wait_for_url\n    async with self.expect_navigation(\n  File \"/opt/hostedtoolcache/Python/3.10.13/x64/lib/python3.10/site-packages/playwright/_impl/_event_context_manager.py\", line 33, in __aexit__\n    await self._future\n  File \"/opt/hostedtoolcache/Python/3.10.13/x64/lib/python3.10/site-packages/playwright/_impl/_frame.py\", line 212, in continuation\n    event = await waiter.result()\nplaywright._impl._errors.TimeoutError: Timeout 30000ms exceeded.\n=========================== logs ===========================\nwaiting for navigation to \"https://store.epicgames.com/en-US/cart/success\" until 'load'\n============================================================\n\nDuring handling of the above exception, another exception occurred:\n\nTraceback (most recent call last):\n  File \"/home/runner/work/epic-free/epic-free/epic/src/claim.py\", line 162, in <module>\n    asyncio.run(run())\n  File \"/opt/hostedtoolcache/Python/3.10.13/x64/lib/python3.10/asyncio/runners.py\", line 44, in run\n    return loop.run_until_complete(main)\n  File \"/opt/hostedtoolcache/Python/3.10.13/x64/lib/python3.10/asyncio/base_events.py\", line 636, in run_until_complete\n    self.run_forever()\n  File \"/opt/hostedtoolcache/Python/3.10.13/x64/lib/python3.10/asyncio/base_events.py\", line 603, in run_forever\n    self._run_once()\n  File \"/opt/hostedtoolcache/Python/3.10.13/x64/lib/python3.10/asyncio/base_events.py\", line 1909, in _run_once\n    handle._run()\n  File \"/opt/hostedtoolcache/Python/3.10.13/x64/lib/python3.10/asyncio/events.py\", line 80, in _run\n    self._context.run(self._callback, *self._args)\n> File \"/home/runner/work/epic-free/epic-free/epic/src/claim.py\", line 158, in run\n    await agent.stash()\n  File \"/home/runner/work/epic-free/epic-free/epic/src/claim.py\", line 139, in stash\n    async with async_playwright() as p:\n  File \"/opt/hostedtoolcache/Python/3.10.13/x64/lib/python3.10/site-packages/playwright/async_api/_context_manager.py\", line 58, in __aexit__\n    await self._connection.stop_async()\n  File \"/opt/hostedtoolcache/Python/3.10.13/x64/lib/python3.10/site-packages/playwright/_impl/_connection.py\", line 289, in stop_async\n    self.cleanup()\n  File \"/opt/hostedtoolcache/Python/3.10.13/x64/lib/python3.10/site-packages/playwright/_impl/_connection.py\", line 300, in cleanup\n    callback.future.set_exception(self._closed_error)\nasyncio.exceptions.InvalidStateError: invalid state\n", "record": {"elapsed": {"repr": "0:03:20.253361", "seconds": 200.253361}, "exception": {"type": "InvalidStateError", "value": "invalid state", "traceback": true}, "extra": {}, "file": {"name": "claim.py", "path": "/home/runner/work/epic-free/epic-free/epic/src/claim.py"}, "function": "run", "level": {"icon": "‚ùå", "name": "ERROR", "no": 40}, "line": 158, "message": "An error has been caught in function 'run', process 'MainProcess' (3528), thread 'MainThread' (140445499452288):", "module": "claim", "name": "__main__", "process": {"id": 3528, "name": "MainProcess"}, "thread": {"id": 140445499452288, "name": "MainThread"}, "time": {"repr": "2024-02-09 06:26:25.823145+08:00", "timestamp": 1707431185.823145}}}
